# JRE version: Java(TM) SE Runtime Environment (8.0_144-b01) (build 1.8.0_144-b01)
# Java VM: Java HotSpot(TM) 64-Bit Server VM (25.144-b01 mixed mode windows-amd64 compressed oops)
Heap:
 PSYoungGen      total 179712K, used 42824K [0x0000000755580000, 0x0000000761b80000, 0x00000007c0000000)
  eden space 165376K, 17% used [0x0000000755580000,0x00000007571bc138,0x000000075f700000)
  from space 14336K, 97% used [0x0000000760d80000,0x0000000761b16040,0x0000000761b80000)
  to   space 16384K, 0% used [0x000000075fb80000,0x000000075fb80000,0x0000000760b80000)
 ParOldGen       total 203776K, used 19174K [0x0000000680000000, 0x000000068c700000, 0x0000000755580000)
  object space 203776K, 9% used [0x0000000680000000,0x00000006812b9858,0x000000068c700000)
 Metaspace       used 48885K, capacity 51874K, committed 52096K, reserved 1095680K
  class space    used 6150K, capacity 6657K, committed 6784K, reserved 1048576K
GC Heap History (10 events):
Event: 1.928 GC heap before
{Heap before GC invocations=4 (full 1):
 PSYoungGen      total 95744K, used 82432K [0x0000000755580000, 0x0000000761080000, 0x00000007c0000000)
  eden space 82432K, 100% used [0x0000000755580000,0x000000075a600000,0x000000075a600000)
  from space 13312K, 0% used [0x000000075b300000,0x000000075b300000,0x000000075c000000)
  to   space 13312K, 0% used [0x000000075a600000,0x000000075a600000,0x000000075b300000)
 ParOldGen       total 124416K, used 7192K [0x0000000680000000, 0x0000000687980000, 0x0000000755580000)
  object space 124416K, 5% used [0x0000000680000000,0x0000000680706148,0x0000000687980000)
 Metaspace       used 27008K, capacity 28420K, committed 28800K, reserved 1075200K
  class space    used 3566K, capacity 3864K, committed 3968K, reserved 1048576K
Event: 1.933 GC heap after
Heap after GC invocations=4 (full 1):
 PSYoungGen      total 95744K, used 10852K [0x0000000755580000, 0x000000075eb00000, 0x00000007c0000000)
  eden space 82432K, 0% used [0x0000000755580000,0x0000000755580000,0x000000075a600000)
  from space 13312K, 81% used [0x000000075a600000,0x000000075b099030,0x000000075b300000)
  to   space 13312K, 0% used [0x000000075de00000,0x000000075de00000,0x000000075eb00000)
 ParOldGen       total 124416K, used 7200K [0x0000000680000000, 0x0000000687980000, 0x0000000755580000)
  object space 124416K, 5% used [0x0000000680000000,0x0000000680708148,0x0000000687980000)
 Metaspace       used 27008K, capacity 28420K, committed 28800K, reserved 1075200K
  class space    used 3566K, capacity 3864K, committed 3968K, reserved 1048576K
}
Event: 2.526 GC heap before
{Heap before GC invocations=5 (full 1):
 PSYoungGen      total 95744K, used 92735K [0x0000000755580000, 0x000000075eb00000, 0x00000007c0000000)
  eden space 82432K, 99% used [0x0000000755580000,0x000000075a576e78,0x000000075a600000)
  from space 13312K, 81% used [0x000000075a600000,0x000000075b099030,0x000000075b300000)
  to   space 13312K, 0% used [0x000000075de00000,0x000000075de00000,0x000000075eb00000)
 ParOldGen       total 124416K, used 7200K [0x0000000680000000, 0x0000000687980000, 0x0000000755580000)
  object space 124416K, 5% used [0x0000000680000000,0x0000000680708148,0x0000000687980000)
 Metaspace       used 33313K, capacity 35394K, committed 35496K, reserved 1079296K
  class space    used 4387K, capacity 4795K, committed 4864K, reserved 1048576K
Event: 2.535 GC heap after
Heap after GC invocations=5 (full 1):
 PSYoungGen      total 139264K, used 13290K [0x0000000755580000, 0x000000075eb00000, 0x00000007c0000000)
  eden space 125952K, 0% used [0x0000000755580000,0x0000000755580000,0x000000075d080000)
  from space 13312K, 99% used [0x000000075de00000,0x000000075eafa8f8,0x000000075eb00000)
  to   space 13312K, 0% used [0x000000075d100000,0x000000075d100000,0x000000075de00000)
 ParOldGen       total 124416K, used 8141K [0x0000000680000000, 0x0000000687980000, 0x0000000755580000)
  object space 124416K, 6% used [0x0000000680000000,0x00000006807f3728,0x0000000687980000)
 Metaspace       used 33313K, capacity 35394K, committed 35496K, reserved 1079296K
  class space    used 4387K, capacity 4795K, committed 4864K, reserved 1048576K
}
Event: 2.535 GC heap before
{Heap before GC invocations=6 (full 2):
 PSYoungGen      total 139264K, used 13290K [0x0000000755580000, 0x000000075eb00000, 0x00000007c0000000)
  eden space 125952K, 0% used [0x0000000755580000,0x0000000755580000,0x000000075d080000)
  from space 13312K, 99% used [0x000000075de00000,0x000000075eafa8f8,0x000000075eb00000)
  to   space 13312K, 0% used [0x000000075d100000,0x000000075d100000,0x000000075de00000)
 ParOldGen       total 124416K, used 8141K [0x0000000680000000, 0x0000000687980000, 0x0000000755580000)
  object space 124416K, 6% used [0x0000000680000000,0x00000006807f3728,0x0000000687980000)
 Metaspace       used 33313K, capacity 35394K, committed 35496K, reserved 1079296K
  class space    used 4387K, capacity 4795K, committed 4864K, reserved 1048576K
Event: 2.575 GC heap after
Heap after GC invocations=6 (full 2):
 PSYoungGen      total 139264K, used 0K [0x0000000755580000, 0x000000075eb00000, 0x00000007c0000000)
  eden space 125952K, 0% used [0x0000000755580000,0x0000000755580000,0x000000075d080000)
  from space 13312K, 0% used [0x000000075de00000,0x000000075de00000,0x000000075eb00000)
  to   space 13312K, 0% used [0x000000075d100000,0x000000075d100000,0x000000075de00000)
 ParOldGen       total 203776K, used 19158K [0x0000000680000000, 0x000000068c700000, 0x0000000755580000)
  object space 203776K, 9% used [0x0000000680000000,0x00000006812b5858,0x000000068c700000)
 Metaspace       used 33313K, capacity 35394K, committed 35496K, reserved 1079296K
  class space    used 4387K, capacity 4795K, committed 4864K, reserved 1048576K
}
Event: 5.113 GC heap before
{Heap before GC invocations=7 (full 2):
 PSYoungGen      total 139264K, used 125952K [0x0000000755580000, 0x000000075eb00000, 0x00000007c0000000)
  eden space 125952K, 100% used [0x0000000755580000,0x000000075d080000,0x000000075d080000)
  from space 13312K, 0% used [0x000000075de00000,0x000000075de00000,0x000000075eb00000)
  to   space 13312K, 0% used [0x000000075d100000,0x000000075d100000,0x000000075de00000)
 ParOldGen       total 203776K, used 19158K [0x0000000680000000, 0x000000068c700000, 0x0000000755580000)
  object space 203776K, 9% used [0x0000000680000000,0x00000006812b5858,0x000000068c700000)
 Metaspace       used 42079K, capacity 44874K, committed 44928K, reserved 1087488K
  class space    used 5507K, capacity 6005K, committed 6016K, reserved 1048576K
Event: 5.121 GC heap after
Heap after GC invocations=7 (full 2):
 PSYoungGen      total 139776K, used 11250K [0x0000000755580000, 0x0000000761c80000, 0x00000007c0000000)
  eden space 126464K, 0% used [0x0000000755580000,0x0000000755580000,0x000000075d100000)
  from space 13312K, 84% used [0x000000075d100000,0x000000075dbfc938,0x000000075de00000)
  to   space 15360K, 0% used [0x0000000760d80000,0x0000000760d80000,0x0000000761c80000)
 ParOldGen       total 203776K, used 19166K [0x0000000680000000, 0x000000068c700000, 0x0000000755580000)
  object space 203776K, 9% used [0x0000000680000000,0x00000006812b7858,0x000000068c700000)
 Metaspace       used 42079K, capacity 44874K, committed 44928K, reserved 1087488K
  class space    used 5507K, capacity 6005K, committed 6016K, reserved 1048576K
}
Event: 1282.515 GC heap before
{Heap before GC invocations=8 (full 2):
 PSYoungGen      total 139776K, used 137714K [0x0000000755580000, 0x0000000761c80000, 0x00000007c0000000)
  eden space 126464K, 100% used [0x0000000755580000,0x000000075d100000,0x000000075d100000)
  from space 13312K, 84% used [0x000000075d100000,0x000000075dbfc938,0x000000075de00000)
  to   space 15360K, 0% used [0x0000000760d80000,0x0000000760d80000,0x0000000761c80000)
 ParOldGen       total 203776K, used 19166K [0x0000000680000000, 0x000000068c700000, 0x0000000755580000)
  object space 203776K, 9% used [0x0000000680000000,0x00000006812b7858,0x000000068c700000)
 Metaspace       used 48879K, capacity 51868K, committed 51968K, reserved 1095680K
  class space    used 6148K, capacity 6656K, committed 6656K, reserved 1048576K
Event: 1282.527 GC heap after
Heap after GC invocations=8 (full 2):
 PSYoungGen      total 179712K, used 13912K [0x0000000755580000, 0x0000000761b80000, 0x00000007c0000000)
  eden space 165376K, 0% used [0x0000000755580000,0x0000000755580000,0x000000075f700000)
  from space 14336K, 97% used [0x0000000760d80000,0x0000000761b16040,0x0000000761b80000)
  to   space 16384K, 0% used [0x000000075fb80000,0x000000075fb80000,0x0000000760b80000)
 ParOldGen       total 203776K, used 19174K [0x0000000680000000, 0x000000068c700000, 0x0000000755580000)
  object space 203776K, 9% used [0x0000000680000000,0x00000006812b9858,0x000000068c700000)
 Metaspace       used 48879K, capacity 51868K, committed 51968K, reserved 1095680K
  class space    used 6148K, capacity 6656K, committed 6656K, reserved 1048576K
}

