# JRE version: Java(TM) SE Runtime Environment (8.0_144-b01) (build 1.8.0_144-b01)
# Java VM: Java HotSpot(TM) 64-Bit Server VM (25.144-b01 mixed mode windows-amd64 compressed oops)
Heap:
 PSYoungGen      total 168960K, used 65299K [0x0000000755580000, 0x0000000761980000, 0x00000007c0000000)
  eden space 159744K, 35% used [0x0000000755580000,0x0000000758c81250,0x000000075f180000)
  from space 9216K, 97% used [0x000000075f500000,0x000000075fdc3cf8,0x000000075fe00000)
  to   space 20480K, 0% used [0x0000000760580000,0x0000000760580000,0x0000000761980000)
 ParOldGen       total 212992K, used 26641K [0x0000000680000000, 0x000000068d000000, 0x0000000755580000)
  object space 212992K, 12% used [0x0000000680000000,0x0000000681a04750,0x000000068d000000)
 Metaspace       used 49561K, capacity 52827K, committed 52992K, reserved 1095680K
  class space    used 6225K, capacity 6792K, committed 6912K, reserved 1048576K
GC Heap History (10 events):
Event: 14630.677 GC heap before
{Heap before GC invocations=15 (full 2):
 PSYoungGen      total 197120K, used 187559K [0x0000000755580000, 0x0000000763100000, 0x00000007c0000000)
  eden space 178688K, 100% used [0x0000000755580000,0x0000000760400000,0x0000000760400000)
  from space 18432K, 48% used [0x0000000761f00000,0x00000007627a9c48,0x0000000763100000)
  to   space 23040K, 0% used [0x0000000760400000,0x0000000760400000,0x0000000761a80000)
 ParOldGen       total 212992K, used 26609K [0x0000000680000000, 0x000000068d000000, 0x0000000755580000)
  object space 212992K, 12% used [0x0000000680000000,0x00000006819fc750,0x000000068d000000)
 Metaspace       used 49468K, capacity 52745K, committed 52992K, reserved 1095680K
  class space    used 6221K, capacity 6789K, committed 6912K, reserved 1048576K
Event: 14630.683 GC heap after
Heap after GC invocations=15 (full 2):
 PSYoungGen      total 183808K, used 9170K [0x0000000755580000, 0x0000000762d00000, 0x00000007c0000000)
  eden space 174592K, 0% used [0x0000000755580000,0x0000000755580000,0x0000000760000000)
  from space 9216K, 99% used [0x0000000760400000,0x0000000760cf4878,0x0000000760d00000)
  to   space 23040K, 0% used [0x0000000761680000,0x0000000761680000,0x0000000762d00000)
 ParOldGen       total 212992K, used 26617K [0x0000000680000000, 0x000000068d000000, 0x0000000755580000)
  object space 212992K, 12% used [0x0000000680000000,0x00000006819fe750,0x000000068d000000)
 Metaspace       used 49468K, capacity 52745K, committed 52992K, reserved 1095680K
  class space    used 6221K, capacity 6789K, committed 6912K, reserved 1048576K
}
Event: 16796.299 GC heap before
{Heap before GC invocations=16 (full 2):
 PSYoungGen      total 183808K, used 183762K [0x0000000755580000, 0x0000000762d00000, 0x00000007c0000000)
  eden space 174592K, 100% used [0x0000000755580000,0x0000000760000000,0x0000000760000000)
  from space 9216K, 99% used [0x0000000760400000,0x0000000760cf4878,0x0000000760d00000)
  to   space 23040K, 0% used [0x0000000761680000,0x0000000761680000,0x0000000762d00000)
 ParOldGen       total 212992K, used 26617K [0x0000000680000000, 0x000000068d000000, 0x0000000755580000)
  object space 212992K, 12% used [0x0000000680000000,0x00000006819fe750,0x000000068d000000)
 Metaspace       used 49552K, capacity 52815K, committed 52992K, reserved 1095680K
  class space    used 6222K, capacity 6790K, committed 6912K, reserved 1048576K
Event: 16796.305 GC heap after
Heap after GC invocations=16 (full 2):
 PSYoungGen      total 188416K, used 9229K [0x0000000755580000, 0x0000000762800000, 0x00000007c0000000)
  eden space 170496K, 0% used [0x0000000755580000,0x0000000755580000,0x000000075fc00000)
  from space 17920K, 51% used [0x0000000761680000,0x0000000761f83718,0x0000000762800000)
  to   space 22528K, 0% used [0x000000075fc00000,0x000000075fc00000,0x0000000761200000)
 ParOldGen       total 212992K, used 26625K [0x0000000680000000, 0x000000068d000000, 0x0000000755580000)
  object space 212992K, 12% used [0x0000000680000000,0x0000000681a00750,0x000000068d000000)
 Metaspace       used 49552K, capacity 52815K, committed 52992K, reserved 1095680K
  class space    used 6222K, capacity 6790K, committed 6912K, reserved 1048576K
}
Event: 20129.345 GC heap before
{Heap before GC invocations=17 (full 2):
 PSYoungGen      total 188416K, used 179725K [0x0000000755580000, 0x0000000762800000, 0x00000007c0000000)
  eden space 170496K, 100% used [0x0000000755580000,0x000000075fc00000,0x000000075fc00000)
  from space 17920K, 51% used [0x0000000761680000,0x0000000761f83718,0x0000000762800000)
  to   space 22528K, 0% used [0x000000075fc00000,0x000000075fc00000,0x0000000761200000)
 ParOldGen       total 212992K, used 26625K [0x0000000680000000, 0x000000068d000000, 0x0000000755580000)
  object space 212992K, 12% used [0x0000000680000000,0x0000000681a00750,0x000000068d000000)
 Metaspace       used 49558K, capacity 52821K, committed 52992K, reserved 1095680K
  class space    used 6224K, capacity 6791K, committed 6912K, reserved 1048576K
Event: 20129.353 GC heap after
Heap after GC invocations=17 (full 2):
 PSYoungGen      total 176640K, used 9341K [0x0000000755580000, 0x0000000762380000, 0x00000007c0000000)
  eden space 166912K, 0% used [0x0000000755580000,0x0000000755580000,0x000000075f880000)
  from space 9728K, 96% used [0x000000075fc00000,0x000000076051f708,0x0000000760580000)
  to   space 22016K, 0% used [0x0000000760e00000,0x0000000760e00000,0x0000000762380000)
 ParOldGen       total 212992K, used 26633K [0x0000000680000000, 0x000000068d000000, 0x0000000755580000)
  object space 212992K, 12% used [0x0000000680000000,0x0000000681a02750,0x000000068d000000)
 Metaspace       used 49558K, capacity 52821K, committed 52992K, reserved 1095680K
  class space    used 6224K, capacity 6791K, committed 6912K, reserved 1048576K
}
Event: 23447.208 GC heap before
{Heap before GC invocations=18 (full 2):
 PSYoungGen      total 176640K, used 176253K [0x0000000755580000, 0x0000000762380000, 0x00000007c0000000)
  eden space 166912K, 100% used [0x0000000755580000,0x000000075f880000,0x000000075f880000)
  from space 9728K, 96% used [0x000000075fc00000,0x000000076051f708,0x0000000760580000)
  to   space 22016K, 0% used [0x0000000760e00000,0x0000000760e00000,0x0000000762380000)
 ParOldGen       total 212992K, used 26633K [0x0000000680000000, 0x000000068d000000, 0x0000000755580000)
  object space 212992K, 12% used [0x0000000680000000,0x0000000681a02750,0x000000068d000000)
 Metaspace       used 49561K, capacity 52827K, committed 52992K, reserved 1095680K
  class space    used 6225K, capacity 6792K, committed 6912K, reserved 1048576K
Event: 23447.214 GC heap after
Heap after GC invocations=18 (full 2):
 PSYoungGen      total 180736K, used 9073K [0x0000000755580000, 0x0000000761f00000, 0x00000007c0000000)
  eden space 163328K, 0% used [0x0000000755580000,0x0000000755580000,0x000000075f500000)
  from space 17408K, 52% used [0x0000000760e00000,0x00000007616dc7e8,0x0000000761f00000)
  to   space 21504K, 0% used [0x000000075f500000,0x000000075f500000,0x0000000760a00000)
 ParOldGen       total 212992K, used 26641K [0x0000000680000000, 0x000000068d000000, 0x0000000755580000)
  object space 212992K, 12% used [0x0000000680000000,0x0000000681a04750,0x000000068d000000)
 Metaspace       used 49561K, capacity 52827K, committed 52992K, reserved 1095680K
  class space    used 6225K, capacity 6792K, committed 6912K, reserved 1048576K
}
Event: 26767.829 GC heap before
{Heap before GC invocations=19 (full 2):
 PSYoungGen      total 180736K, used 172401K [0x0000000755580000, 0x0000000761f00000, 0x00000007c0000000)
  eden space 163328K, 100% used [0x0000000755580000,0x000000075f500000,0x000000075f500000)
  from space 17408K, 52% used [0x0000000760e00000,0x00000007616dc7e8,0x0000000761f00000)
  to   space 21504K, 0% used [0x000000075f500000,0x000000075f500000,0x0000000760a00000)
 ParOldGen       total 212992K, used 26641K [0x0000000680000000, 0x000000068d000000, 0x0000000755580000)
  object space 212992K, 12% used [0x0000000680000000,0x0000000681a04750,0x000000068d000000)
 Metaspace       used 49561K, capacity 52827K, committed 52992K, reserved 1095680K
  class space    used 6225K, capacity 6792K, committed 6912K, reserved 1048576K
Event: 26767.837 GC heap after
Heap after GC invocations=19 (full 2):
 PSYoungGen      total 168960K, used 8975K [0x0000000755580000, 0x0000000761980000, 0x00000007c0000000)
  eden space 159744K, 0% used [0x0000000755580000,0x0000000755580000,0x000000075f180000)
  from space 9216K, 97% used [0x000000075f500000,0x000000075fdc3cf8,0x000000075fe00000)
  to   space 20480K, 0% used [0x0000000760580000,0x0000000760580000,0x0000000761980000)
 ParOldGen       total 212992K, used 26641K [0x0000000680000000, 0x000000068d000000, 0x0000000755580000)
  object space 212992K, 12% used [0x0000000680000000,0x0000000681a04750,0x000000068d000000)
 Metaspace       used 49561K, capacity 52827K, committed 52992K, reserved 1095680K
  class space    used 6225K, capacity 6792K, committed 6912K, reserved 1048576K
}

