# JRE version: Java(TM) SE Runtime Environment (8.0_144-b01) (build 1.8.0_144-b01)
# Java VM: Java HotSpot(TM) 64-Bit Server VM (25.144-b01 mixed mode windows-amd64 compressed oops)
Heap:
 PSYoungGen      total 249856K, used 172643K [0x0000000755580000, 0x0000000770180000, 0x00000007c0000000)
  eden space 233984K, 67% used [0x0000000755580000,0x000000075ee9bf28,0x0000000763a00000)
  from space 15872K, 99% used [0x0000000763a00000,0x000000076497d098,0x0000000764980000)
  to   space 20480K, 0% used [0x000000076ed80000,0x000000076ed80000,0x0000000770180000)
 ParOldGen       total 150016K, used 19450K [0x0000000680000000, 0x0000000689280000, 0x0000000755580000)
  object space 150016K, 12% used [0x0000000680000000,0x00000006812fe9e0,0x0000000689280000)
 Metaspace       used 49312K, capacity 52444K, committed 52608K, reserved 1095680K
  class space    used 6163K, capacity 6682K, committed 6784K, reserved 1048576K
GC Heap History (10 events):
Event: 2.546 GC heap before
{Heap before GC invocations=5 (full 1):
 PSYoungGen      total 95744K, used 93311K [0x0000000755580000, 0x000000075eb80000, 0x00000007c0000000)
  eden space 82432K, 100% used [0x0000000755580000,0x000000075a600000,0x000000075a600000)
  from space 13312K, 81% used [0x000000075a600000,0x000000075b09fdd0,0x000000075b300000)
  to   space 13312K, 0% used [0x000000075de80000,0x000000075de80000,0x000000075eb80000)
 ParOldGen       total 123904K, used 7204K [0x0000000680000000, 0x0000000687900000, 0x0000000755580000)
  object space 123904K, 5% used [0x0000000680000000,0x0000000680709340,0x0000000687900000)
 Metaspace       used 33193K, capacity 35280K, committed 35496K, reserved 1079296K
  class space    used 4371K, capacity 4786K, committed 4864K, reserved 1048576K
Event: 2.555 GC heap after
Heap after GC invocations=5 (full 1):
 PSYoungGen      total 139776K, used 13283K [0x0000000755580000, 0x000000075eb80000, 0x00000007c0000000)
  eden space 126464K, 0% used [0x0000000755580000,0x0000000755580000,0x000000075d100000)
  from space 13312K, 99% used [0x000000075de80000,0x000000075eb78e48,0x000000075eb80000)
  to   space 13312K, 0% used [0x000000075d180000,0x000000075d180000,0x000000075de80000)
 ParOldGen       total 123904K, used 8146K [0x0000000680000000, 0x0000000687900000, 0x0000000755580000)
  object space 123904K, 6% used [0x0000000680000000,0x00000006807f4920,0x0000000687900000)
 Metaspace       used 33193K, capacity 35280K, committed 35496K, reserved 1079296K
  class space    used 4371K, capacity 4786K, committed 4864K, reserved 1048576K
}
Event: 2.564 GC heap before
{Heap before GC invocations=6 (full 1):
 PSYoungGen      total 139776K, used 16033K [0x0000000755580000, 0x000000075eb80000, 0x00000007c0000000)
  eden space 126464K, 2% used [0x0000000755580000,0x000000075582f7f8,0x000000075d100000)
  from space 13312K, 99% used [0x000000075de80000,0x000000075eb78e48,0x000000075eb80000)
  to   space 13312K, 0% used [0x000000075d180000,0x000000075d180000,0x000000075de80000)
 ParOldGen       total 123904K, used 8146K [0x0000000680000000, 0x0000000687900000, 0x0000000755580000)
  object space 123904K, 6% used [0x0000000680000000,0x00000006807f4920,0x0000000687900000)
 Metaspace       used 33293K, capacity 35386K, committed 35496K, reserved 1079296K
  class space    used 4385K, capacity 4795K, committed 4864K, reserved 1048576K
Event: 2.569 GC heap after
Heap after GC invocations=6 (full 1):
 PSYoungGen      total 140288K, used 8642K [0x0000000755580000, 0x0000000765d80000, 0x00000007c0000000)
  eden space 126976K, 0% used [0x0000000755580000,0x0000000755580000,0x000000075d180000)
  from space 13312K, 64% used [0x000000075d180000,0x000000075d9f0b40,0x000000075de80000)
  to   space 16384K, 0% used [0x0000000764d80000,0x0000000764d80000,0x0000000765d80000)
 ParOldGen       total 123904K, used 8154K [0x0000000680000000, 0x0000000687900000, 0x0000000755580000)
  object space 123904K, 6% used [0x0000000680000000,0x00000006807f6920,0x0000000687900000)
 Metaspace       used 33293K, capacity 35386K, committed 35496K, reserved 1079296K
  class space    used 4385K, capacity 4795K, committed 4864K, reserved 1048576K
}
Event: 2.569 GC heap before
{Heap before GC invocations=7 (full 2):
 PSYoungGen      total 140288K, used 8642K [0x0000000755580000, 0x0000000765d80000, 0x00000007c0000000)
  eden space 126976K, 0% used [0x0000000755580000,0x0000000755580000,0x000000075d180000)
  from space 13312K, 64% used [0x000000075d180000,0x000000075d9f0b40,0x000000075de80000)
  to   space 16384K, 0% used [0x0000000764d80000,0x0000000764d80000,0x0000000765d80000)
 ParOldGen       total 123904K, used 8154K [0x0000000680000000, 0x0000000687900000, 0x0000000755580000)
  object space 123904K, 6% used [0x0000000680000000,0x00000006807f6920,0x0000000687900000)
 Metaspace       used 33293K, capacity 35386K, committed 35496K, reserved 1079296K
  class space    used 4385K, capacity 4795K, committed 4864K, reserved 1048576K
Event: 2.603 GC heap after
Heap after GC invocations=7 (full 2):
 PSYoungGen      total 140288K, used 0K [0x0000000755580000, 0x0000000765d80000, 0x00000007c0000000)
  eden space 126976K, 0% used [0x0000000755580000,0x0000000755580000,0x000000075d180000)
  from space 13312K, 0% used [0x000000075d180000,0x000000075d180000,0x000000075de80000)
  to   space 16384K, 0% used [0x0000000764d80000,0x0000000764d80000,0x0000000765d80000)
 ParOldGen       total 150016K, used 13748K [0x0000000680000000, 0x0000000689280000, 0x0000000755580000)
  object space 150016K, 9% used [0x0000000680000000,0x0000000680d6d090,0x0000000689280000)
 Metaspace       used 33293K, capacity 35386K, committed 35496K, reserved 1079296K
  class space    used 4385K, capacity 4795K, committed 4864K, reserved 1048576K
}
Event: 12.300 GC heap before
{Heap before GC invocations=8 (full 2):
 PSYoungGen      total 140288K, used 126976K [0x0000000755580000, 0x0000000765d80000, 0x00000007c0000000)
  eden space 126976K, 100% used [0x0000000755580000,0x000000075d180000,0x000000075d180000)
  from space 13312K, 0% used [0x000000075d180000,0x000000075d180000,0x000000075de80000)
  to   space 16384K, 0% used [0x0000000764d80000,0x0000000764d80000,0x0000000765d80000)
 ParOldGen       total 150016K, used 13748K [0x0000000680000000, 0x0000000689280000, 0x0000000755580000)
  object space 150016K, 9% used [0x0000000680000000,0x0000000680d6d090,0x0000000689280000)
 Metaspace       used 41475K, capacity 44296K, committed 44416K, reserved 1087488K
  class space    used 5475K, capacity 5970K, committed 6016K, reserved 1048576K
Event: 12.308 GC heap after
Heap after GC invocations=8 (full 2):
 PSYoungGen      total 239616K, used 11389K [0x0000000755580000, 0x0000000765900000, 0x00000007c0000000)
  eden space 227840K, 0% used [0x0000000755580000,0x0000000755580000,0x0000000763400000)
  from space 11776K, 96% used [0x0000000764d80000,0x000000076589f5d8,0x0000000765900000)
  to   space 15872K, 0% used [0x0000000763a00000,0x0000000763a00000,0x0000000764980000)
 ParOldGen       total 150016K, used 13756K [0x0000000680000000, 0x0000000689280000, 0x0000000755580000)
  object space 150016K, 9% used [0x0000000680000000,0x0000000680d6f090,0x0000000689280000)
 Metaspace       used 41475K, capacity 44296K, committed 44416K, reserved 1087488K
  class space    used 5475K, capacity 5970K, committed 6016K, reserved 1048576K
}
Event: 704.969 GC heap before
{Heap before GC invocations=9 (full 2):
 PSYoungGen      total 239616K, used 239229K [0x0000000755580000, 0x0000000765900000, 0x00000007c0000000)
  eden space 227840K, 100% used [0x0000000755580000,0x0000000763400000,0x0000000763400000)
  from space 11776K, 96% used [0x0000000764d80000,0x000000076589f5d8,0x0000000765900000)
  to   space 15872K, 0% used [0x0000000763a00000,0x0000000763a00000,0x0000000764980000)
 ParOldGen       total 150016K, used 13756K [0x0000000680000000, 0x0000000689280000, 0x0000000755580000)
  object space 150016K, 9% used [0x0000000680000000,0x0000000680d6f090,0x0000000689280000)
 Metaspace       used 49220K, capacity 52302K, committed 52608K, reserved 1095680K
  class space    used 6151K, capacity 6669K, committed 6784K, reserved 1048576K
Event: 704.985 GC heap after
Heap after GC invocations=9 (full 2):
 PSYoungGen      total 249856K, used 15860K [0x0000000755580000, 0x0000000770180000, 0x00000007c0000000)
  eden space 233984K, 0% used [0x0000000755580000,0x0000000755580000,0x0000000763a00000)
  from space 15872K, 99% used [0x0000000763a00000,0x000000076497d098,0x0000000764980000)
  to   space 20480K, 0% used [0x000000076ed80000,0x000000076ed80000,0x0000000770180000)
 ParOldGen       total 150016K, used 19450K [0x0000000680000000, 0x0000000689280000, 0x0000000755580000)
  object space 150016K, 12% used [0x0000000680000000,0x00000006812fe9e0,0x0000000689280000)
 Metaspace       used 49220K, capacity 52302K, committed 52608K, reserved 1095680K
  class space    used 6151K, capacity 6669K, committed 6784K, reserved 1048576K
}

