# JRE version: Java(TM) SE Runtime Environment (8.0_144-b01) (build 1.8.0_144-b01)
# Java VM: Java HotSpot(TM) 64-Bit Server VM (25.144-b01 mixed mode windows-amd64 compressed oops)
Heap:
 PSYoungGen      total 153600K, used 95937K [0x0000000755580000, 0x000000075fb00000, 0x00000007c0000000)
  eden space 144896K, 61% used [0x0000000755580000,0x000000075abe71d0,0x000000075e300000)
  from space 8704K, 85% used [0x000000075f280000,0x000000075f9c94a0,0x000000075fb00000)
  to   space 12288K, 0% used [0x000000075e300000,0x000000075e300000,0x000000075ef00000)
 ParOldGen       total 205312K, used 19835K [0x0000000680000000, 0x000000068c880000, 0x0000000755580000)
  object space 205312K, 9% used [0x0000000680000000,0x000000068135edc8,0x000000068c880000)
 Metaspace       used 52926K, capacity 57674K, committed 57856K, reserved 1099776K
  class space    used 6641K, capacity 7588K, committed 7680K, reserved 1048576K
GC Heap History (10 events):
Event: 11930.489 GC heap before
{Heap before GC invocations=41 (full 15):
 PSYoungGen      total 166400K, used 161280K [0x0000000755580000, 0x0000000760e00000, 0x00000007c0000000)
  eden space 161280K, 100% used [0x0000000755580000,0x000000075f300000,0x000000075f300000)
  from space 5120K, 0% used [0x000000075f300000,0x000000075f300000,0x000000075f800000)
  to   space 13824K, 0% used [0x0000000760080000,0x0000000760080000,0x0000000760e00000)
 ParOldGen       total 205312K, used 19795K [0x0000000680000000, 0x000000068c880000, 0x0000000755580000)
  object space 205312K, 9% used [0x0000000680000000,0x0000000681354dc8,0x000000068c880000)
 Metaspace       used 52615K, capacity 57308K, committed 57600K, reserved 1099776K
  class space    used 6602K, capacity 7559K, committed 7680K, reserved 1048576K
Event: 11930.504 GC heap after
Heap after GC invocations=41 (full 15):
 PSYoungGen      total 167936K, used 8093K [0x0000000755580000, 0x0000000760a80000, 0x00000007c0000000)
  eden space 157696K, 0% used [0x0000000755580000,0x0000000755580000,0x000000075ef80000)
  from space 10240K, 79% used [0x0000000760080000,0x00000007608676c8,0x0000000760a80000)
  to   space 13824K, 0% used [0x000000075ef80000,0x000000075ef80000,0x000000075fd00000)
 ParOldGen       total 205312K, used 19803K [0x0000000680000000, 0x000000068c880000, 0x0000000755580000)
  object space 205312K, 9% used [0x0000000680000000,0x0000000681356dc8,0x000000068c880000)
 Metaspace       used 52615K, capacity 57308K, committed 57600K, reserved 1099776K
  class space    used 6602K, capacity 7559K, committed 7680K, reserved 1048576K
}
Event: 13852.147 GC heap before
{Heap before GC invocations=42 (full 15):
 PSYoungGen      total 167936K, used 165789K [0x0000000755580000, 0x0000000760a80000, 0x00000007c0000000)
  eden space 157696K, 100% used [0x0000000755580000,0x000000075ef80000,0x000000075ef80000)
  from space 10240K, 79% used [0x0000000760080000,0x00000007608676c8,0x0000000760a80000)
  to   space 13824K, 0% used [0x000000075ef80000,0x000000075ef80000,0x000000075fd00000)
 ParOldGen       total 205312K, used 19803K [0x0000000680000000, 0x000000068c880000, 0x0000000755580000)
  object space 205312K, 9% used [0x0000000680000000,0x0000000681356dc8,0x000000068c880000)
 Metaspace       used 52664K, capacity 57380K, committed 57600K, reserved 1099776K
  class space    used 6609K, capacity 7571K, committed 7680K, reserved 1048576K
Event: 13852.156 GC heap after
Heap after GC invocations=42 (full 15):
 PSYoungGen      total 161792K, used 7238K [0x0000000755580000, 0x0000000760600000, 0x00000007c0000000)
  eden space 154112K, 0% used [0x0000000755580000,0x0000000755580000,0x000000075ec00000)
  from space 7680K, 94% used [0x000000075ef80000,0x000000075f691818,0x000000075f700000)
  to   space 13312K, 0% used [0x000000075f900000,0x000000075f900000,0x0000000760600000)
 ParOldGen       total 205312K, used 19811K [0x0000000680000000, 0x000000068c880000, 0x0000000755580000)
  object space 205312K, 9% used [0x0000000680000000,0x0000000681358dc8,0x000000068c880000)
 Metaspace       used 52664K, capacity 57380K, committed 57600K, reserved 1099776K
  class space    used 6609K, capacity 7571K, committed 7680K, reserved 1048576K
}
Event: 15786.967 GC heap before
{Heap before GC invocations=43 (full 15):
 PSYoungGen      total 161792K, used 161350K [0x0000000755580000, 0x0000000760600000, 0x00000007c0000000)
  eden space 154112K, 100% used [0x0000000755580000,0x000000075ec00000,0x000000075ec00000)
  from space 7680K, 94% used [0x000000075ef80000,0x000000075f691818,0x000000075f700000)
  to   space 13312K, 0% used [0x000000075f900000,0x000000075f900000,0x0000000760600000)
 ParOldGen       total 205312K, used 19811K [0x0000000680000000, 0x000000068c880000, 0x0000000755580000)
  object space 205312K, 9% used [0x0000000680000000,0x0000000681358dc8,0x000000068c880000)
 Metaspace       used 52831K, capacity 57540K, committed 57856K, reserved 1099776K
  class space    used 6618K, capacity 7587K, committed 7680K, reserved 1048576K
Event: 15786.978 GC heap after
Heap after GC invocations=43 (full 15):
 PSYoungGen      total 161280K, used 7317K [0x0000000755580000, 0x0000000760300000, 0x00000007c0000000)
  eden space 151040K, 0% used [0x0000000755580000,0x0000000755580000,0x000000075e900000)
  from space 10240K, 71% used [0x000000075f900000,0x00000007600254c0,0x0000000760300000)
  to   space 13312K, 0% used [0x000000075e900000,0x000000075e900000,0x000000075f600000)
 ParOldGen       total 205312K, used 19819K [0x0000000680000000, 0x000000068c880000, 0x0000000755580000)
  object space 205312K, 9% used [0x0000000680000000,0x000000068135adc8,0x000000068c880000)
 Metaspace       used 52831K, capacity 57540K, committed 57856K, reserved 1099776K
  class space    used 6618K, capacity 7587K, committed 7680K, reserved 1048576K
}
Event: 16794.156 GC heap before
{Heap before GC invocations=44 (full 15):
 PSYoungGen      total 161280K, used 158357K [0x0000000755580000, 0x0000000760300000, 0x00000007c0000000)
  eden space 151040K, 100% used [0x0000000755580000,0x000000075e900000,0x000000075e900000)
  from space 10240K, 71% used [0x000000075f900000,0x00000007600254c0,0x0000000760300000)
  to   space 13312K, 0% used [0x000000075e900000,0x000000075e900000,0x000000075f600000)
 ParOldGen       total 205312K, used 19819K [0x0000000680000000, 0x000000068c880000, 0x0000000755580000)
  object space 205312K, 9% used [0x0000000680000000,0x000000068135adc8,0x000000068c880000)
 Metaspace       used 52839K, capacity 57604K, committed 57856K, reserved 1099776K
  class space    used 6618K, capacity 7587K, committed 7680K, reserved 1048576K
Event: 16794.163 GC heap after
Heap after GC invocations=44 (full 15):
 PSYoungGen      total 155648K, used 7317K [0x0000000755580000, 0x000000075ff00000, 0x00000007c0000000)
  eden space 147968K, 0% used [0x0000000755580000,0x0000000755580000,0x000000075e600000)
  from space 7680K, 95% used [0x000000075e900000,0x000000075f025600,0x000000075f080000)
  to   space 12800K, 0% used [0x000000075f280000,0x000000075f280000,0x000000075ff00000)
 ParOldGen       total 205312K, used 19827K [0x0000000680000000, 0x000000068c880000, 0x0000000755580000)
  object space 205312K, 9% used [0x0000000680000000,0x000000068135cdc8,0x000000068c880000)
 Metaspace       used 52839K, capacity 57604K, committed 57856K, reserved 1099776K
  class space    used 6618K, capacity 7587K, committed 7680K, reserved 1048576K
}
Event: 18227.076 GC heap before
{Heap before GC invocations=45 (full 15):
 PSYoungGen      total 155648K, used 155285K [0x0000000755580000, 0x000000075ff00000, 0x00000007c0000000)
  eden space 147968K, 100% used [0x0000000755580000,0x000000075e600000,0x000000075e600000)
  from space 7680K, 95% used [0x000000075e900000,0x000000075f025600,0x000000075f080000)
  to   space 12800K, 0% used [0x000000075f280000,0x000000075f280000,0x000000075ff00000)
 ParOldGen       total 205312K, used 19827K [0x0000000680000000, 0x000000068c880000, 0x0000000755580000)
  object space 205312K, 9% used [0x0000000680000000,0x000000068135cdc8,0x000000068c880000)
 Metaspace       used 52897K, capacity 57604K, committed 57856K, reserved 1099776K
  class space    used 6635K, capacity 7587K, committed 7680K, reserved 1048576K
Event: 18227.081 GC heap after
Heap after GC invocations=45 (full 15):
 PSYoungGen      total 153600K, used 7461K [0x0000000755580000, 0x000000075fb00000, 0x00000007c0000000)
  eden space 144896K, 0% used [0x0000000755580000,0x0000000755580000,0x000000075e300000)
  from space 8704K, 85% used [0x000000075f280000,0x000000075f9c94a0,0x000000075fb00000)
  to   space 12288K, 0% used [0x000000075e300000,0x000000075e300000,0x000000075ef00000)
 ParOldGen       total 205312K, used 19835K [0x0000000680000000, 0x000000068c880000, 0x0000000755580000)
  object space 205312K, 9% used [0x0000000680000000,0x000000068135edc8,0x000000068c880000)
 Metaspace       used 52897K, capacity 57604K, committed 57856K, reserved 1099776K
  class space    used 6635K, capacity 7587K, committed 7680K, reserved 1048576K
}

