# JRE version: Java(TM) SE Runtime Environment (8.0_144-b01) (build 1.8.0_144-b01)
# Java VM: Java HotSpot(TM) 64-Bit Server VM (25.144-b01 mixed mode windows-amd64 compressed oops)
Heap:
 PSYoungGen      total 259584K, used 135093K [0x0000000755580000, 0x0000000766c00000, 0x00000007c0000000)
  eden space 242176K, 48% used [0x0000000755580000,0x000000075c87c8d8,0x0000000764200000)
  from space 17408K, 99% used [0x0000000764880000,0x0000000765970e98,0x0000000765980000)
  to   space 18944K, 0% used [0x0000000765980000,0x0000000765980000,0x0000000766c00000)
 ParOldGen       total 209408K, used 17927K [0x0000000680000000, 0x000000068cc80000, 0x0000000755580000)
  object space 209408K, 8% used [0x0000000680000000,0x0000000681181db8,0x000000068cc80000)
 Metaspace       used 51420K, capacity 57089K, committed 57600K, reserved 1099776K
  class space    used 6508K, capacity 7795K, committed 7936K, reserved 1048576K
GC Heap History (10 events):
Event: 6608.458 GC heap before
{Heap before GC invocations=55 (full 22):
 PSYoungGen      total 268288K, used 89017K [0x0000000755580000, 0x0000000766f80000, 0x00000007c0000000)
  eden space 248832K, 35% used [0x0000000755580000,0x000000075ac6e4d8,0x0000000764880000)
  from space 19456K, 0% used [0x0000000765c80000,0x0000000765c80000,0x0000000766f80000)
  to   space 19968K, 0% used [0x0000000764880000,0x0000000764880000,0x0000000765c00000)
 ParOldGen       total 209408K, used 17734K [0x0000000680000000, 0x000000068cc80000, 0x0000000755580000)
  object space 209408K, 8% used [0x0000000680000000,0x00000006811518b8,0x000000068cc80000)
 Metaspace       used 51161K, capacity 56635K, committed 57600K, reserved 1099776K
  class space    used 6473K, capacity 7690K, committed 7936K, reserved 1048576K
Event: 6608.463 GC heap after
Heap after GC invocations=55 (full 22):
 PSYoungGen      total 253440K, used 4228K [0x0000000755580000, 0x0000000766e80000, 0x00000007c0000000)
  eden space 248832K, 0% used [0x0000000755580000,0x0000000755580000,0x0000000764880000)
  from space 4608K, 91% used [0x0000000764880000,0x0000000764ca11b8,0x0000000764d00000)
  to   space 19456K, 0% used [0x0000000765b80000,0x0000000765b80000,0x0000000766e80000)
 ParOldGen       total 209408K, used 17742K [0x0000000680000000, 0x000000068cc80000, 0x0000000755580000)
  object space 209408K, 8% used [0x0000000680000000,0x00000006811538b8,0x000000068cc80000)
 Metaspace       used 51161K, capacity 56635K, committed 57600K, reserved 1099776K
  class space    used 6473K, capacity 7690K, committed 7936K, reserved 1048576K
}
Event: 6608.463 GC heap before
{Heap before GC invocations=56 (full 23):
 PSYoungGen      total 253440K, used 4228K [0x0000000755580000, 0x0000000766e80000, 0x00000007c0000000)
  eden space 248832K, 0% used [0x0000000755580000,0x0000000755580000,0x0000000764880000)
  from space 4608K, 91% used [0x0000000764880000,0x0000000764ca11b8,0x0000000764d00000)
  to   space 19456K, 0% used [0x0000000765b80000,0x0000000765b80000,0x0000000766e80000)
 ParOldGen       total 209408K, used 17742K [0x0000000680000000, 0x000000068cc80000, 0x0000000755580000)
  object space 209408K, 8% used [0x0000000680000000,0x00000006811538b8,0x000000068cc80000)
 Metaspace       used 51161K, capacity 56635K, committed 57600K, reserved 1099776K
  class space    used 6473K, capacity 7690K, committed 7936K, reserved 1048576K
Event: 6608.530 GC heap after
Heap after GC invocations=56 (full 23):
 PSYoungGen      total 253440K, used 0K [0x0000000755580000, 0x0000000766e80000, 0x00000007c0000000)
  eden space 248832K, 0% used [0x0000000755580000,0x0000000755580000,0x0000000764880000)
  from space 4608K, 0% used [0x0000000764880000,0x0000000764880000,0x0000000764d00000)
  to   space 19456K, 0% used [0x0000000765b80000,0x0000000765b80000,0x0000000766e80000)
 ParOldGen       total 209408K, used 17825K [0x0000000680000000, 0x000000068cc80000, 0x0000000755580000)
  object space 209408K, 8% used [0x0000000680000000,0x0000000681168448,0x000000068cc80000)
 Metaspace       used 51158K, capacity 56629K, committed 57600K, reserved 1099776K
  class space    used 6473K, capacity 7688K, committed 7936K, reserved 1048576K
}
Event: 6644.489 GC heap before
{Heap before GC invocations=57 (full 23):
 PSYoungGen      total 253440K, used 87960K [0x0000000755580000, 0x0000000766e80000, 0x00000007c0000000)
  eden space 248832K, 35% used [0x0000000755580000,0x000000075ab66290,0x0000000764880000)
  from space 4608K, 0% used [0x0000000764880000,0x0000000764880000,0x0000000764d00000)
  to   space 19456K, 0% used [0x0000000765b80000,0x0000000765b80000,0x0000000766e80000)
 ParOldGen       total 209408K, used 17825K [0x0000000680000000, 0x000000068cc80000, 0x0000000755580000)
  object space 209408K, 8% used [0x0000000680000000,0x0000000681168448,0x000000068cc80000)
 Metaspace       used 51242K, capacity 56755K, committed 57600K, reserved 1099776K
  class space    used 6483K, capacity 7730K, committed 7936K, reserved 1048576K
Event: 6644.493 GC heap after
Heap after GC invocations=57 (full 23):
 PSYoungGen      total 267264K, used 4192K [0x0000000755580000, 0x0000000766d80000, 0x00000007c0000000)
  eden space 248832K, 0% used [0x0000000755580000,0x0000000755580000,0x0000000764880000)
  from space 18432K, 22% used [0x0000000765b80000,0x0000000765f98060,0x0000000766d80000)
  to   space 18944K, 0% used [0x0000000764880000,0x0000000764880000,0x0000000765b00000)
 ParOldGen       total 209408K, used 17833K [0x0000000680000000, 0x000000068cc80000, 0x0000000755580000)
  object space 209408K, 8% used [0x0000000680000000,0x000000068116a448,0x000000068cc80000)
 Metaspace       used 51242K, capacity 56755K, committed 57600K, reserved 1099776K
  class space    used 6483K, capacity 7730K, committed 7936K, reserved 1048576K
}
Event: 6644.493 GC heap before
{Heap before GC invocations=58 (full 24):
 PSYoungGen      total 267264K, used 4192K [0x0000000755580000, 0x0000000766d80000, 0x00000007c0000000)
  eden space 248832K, 0% used [0x0000000755580000,0x0000000755580000,0x0000000764880000)
  from space 18432K, 22% used [0x0000000765b80000,0x0000000765f98060,0x0000000766d80000)
  to   space 18944K, 0% used [0x0000000764880000,0x0000000764880000,0x0000000765b00000)
 ParOldGen       total 209408K, used 17833K [0x0000000680000000, 0x000000068cc80000, 0x0000000755580000)
  object space 209408K, 8% used [0x0000000680000000,0x000000068116a448,0x000000068cc80000)
 Metaspace       used 51242K, capacity 56755K, committed 57600K, reserved 1099776K
  class space    used 6483K, capacity 7730K, committed 7936K, reserved 1048576K
Event: 6644.540 GC heap after
Heap after GC invocations=58 (full 24):
 PSYoungGen      total 267264K, used 0K [0x0000000755580000, 0x0000000766d80000, 0x00000007c0000000)
  eden space 248832K, 0% used [0x0000000755580000,0x0000000755580000,0x0000000764880000)
  from space 18432K, 0% used [0x0000000765b80000,0x0000000765b80000,0x0000000766d80000)
  to   space 18944K, 0% used [0x0000000764880000,0x0000000764880000,0x0000000765b00000)
 ParOldGen       total 209408K, used 17919K [0x0000000680000000, 0x000000068cc80000, 0x0000000755580000)
  object space 209408K, 8% used [0x0000000680000000,0x000000068117fdb8,0x000000068cc80000)
 Metaspace       used 51239K, capacity 56749K, committed 57600K, reserved 1099776K
  class space    used 6483K, capacity 7728K, committed 7936K, reserved 1048576K
}
Event: 6714.796 GC heap before
{Heap before GC invocations=59 (full 24):
 PSYoungGen      total 267264K, used 248832K [0x0000000755580000, 0x0000000766d80000, 0x00000007c0000000)
  eden space 248832K, 100% used [0x0000000755580000,0x0000000764880000,0x0000000764880000)
  from space 18432K, 0% used [0x0000000765b80000,0x0000000765b80000,0x0000000766d80000)
  to   space 18944K, 0% used [0x0000000764880000,0x0000000764880000,0x0000000765b00000)
 ParOldGen       total 209408K, used 17919K [0x0000000680000000, 0x000000068cc80000, 0x0000000755580000)
  object space 209408K, 8% used [0x0000000680000000,0x000000068117fdb8,0x000000068cc80000)
 Metaspace       used 51390K, capacity 57017K, committed 57600K, reserved 1099776K
  class space    used 6500K, capacity 7783K, committed 7936K, reserved 1048576K
Event: 6714.808 GC heap after
Heap after GC invocations=59 (full 24):
 PSYoungGen      total 259584K, used 17347K [0x0000000755580000, 0x0000000766c00000, 0x00000007c0000000)
  eden space 242176K, 0% used [0x0000000755580000,0x0000000755580000,0x0000000764200000)
  from space 17408K, 99% used [0x0000000764880000,0x0000000765970e98,0x0000000765980000)
  to   space 18944K, 0% used [0x0000000765980000,0x0000000765980000,0x0000000766c00000)
 ParOldGen       total 209408K, used 17927K [0x0000000680000000, 0x000000068cc80000, 0x0000000755580000)
  object space 209408K, 8% used [0x0000000680000000,0x0000000681181db8,0x000000068cc80000)
 Metaspace       used 51390K, capacity 57017K, committed 57600K, reserved 1099776K
  class space    used 6500K, capacity 7783K, committed 7936K, reserved 1048576K
}

