# JRE version: Java(TM) SE Runtime Environment (8.0_144-b01) (build 1.8.0_144-b01)
# Java VM: Java HotSpot(TM) 64-Bit Server VM (25.144-b01 mixed mode windows-amd64 compressed oops)
Heap:
 PSYoungGen      total 117760K, used 53477K [0x0000000755580000, 0x000000075d600000, 0x00000007c0000000)
  eden space 104448K, 44% used [0x0000000755580000,0x000000075833da50,0x000000075bb80000)
  from space 13312K, 49% used [0x000000075c800000,0x000000075ce7bbd0,0x000000075d500000)
  to   space 12800K, 0% used [0x000000075bb80000,0x000000075bb80000,0x000000075c800000)
 ParOldGen       total 231936K, used 17071K [0x0000000680000000, 0x000000068e280000, 0x0000000755580000)
  object space 231936K, 7% used [0x0000000680000000,0x00000006810abfc8,0x000000068e280000)
 Metaspace       used 51013K, capacity 54612K, committed 55040K, reserved 1097728K
  class space    used 6363K, capacity 7052K, committed 7168K, reserved 1048576K
GC Heap History (10 events):
Event: 25108.843 GC heap before
{Heap before GC invocations=36 (full 7):
 PSYoungGen      total 113152K, used 2400K [0x0000000755580000, 0x000000075d280000, 0x00000007c0000000)
  eden space 99328K, 0% used [0x0000000755580000,0x0000000755580000,0x000000075b680000)
  from space 13824K, 17% used [0x000000075b680000,0x000000075b8d8000,0x000000075c400000)
  to   space 13824K, 0% used [0x000000075c500000,0x000000075c500000,0x000000075d280000)
 ParOldGen       total 231936K, used 15825K [0x0000000680000000, 0x000000068e280000, 0x0000000755580000)
  object space 231936K, 6% used [0x0000000680000000,0x0000000680f74690,0x000000068e280000)
 Metaspace       used 50314K, capacity 53690K, committed 54400K, reserved 1097728K
  class space    used 6276K, capacity 6917K, committed 7040K, reserved 1048576K
Event: 25108.939 GC heap after
Heap after GC invocations=36 (full 7):
 PSYoungGen      total 113152K, used 0K [0x0000000755580000, 0x000000075d280000, 0x00000007c0000000)
  eden space 99328K, 0% used [0x0000000755580000,0x0000000755580000,0x000000075b680000)
  from space 13824K, 0% used [0x000000075b680000,0x000000075b680000,0x000000075c400000)
  to   space 13824K, 0% used [0x000000075c500000,0x000000075c500000,0x000000075d280000)
 ParOldGen       total 231936K, used 15968K [0x0000000680000000, 0x000000068e280000, 0x0000000755580000)
  object space 231936K, 6% used [0x0000000680000000,0x0000000680f98000,0x000000068e280000)
 Metaspace       used 50304K, capacity 53672K, committed 54400K, reserved 1097728K
  class space    used 6275K, capacity 6913K, committed 7040K, reserved 1048576K
}
Event: 25109.527 GC heap before
{Heap before GC invocations=37 (full 7):
 PSYoungGen      total 113152K, used 99328K [0x0000000755580000, 0x000000075d280000, 0x00000007c0000000)
  eden space 99328K, 100% used [0x0000000755580000,0x000000075b680000,0x000000075b680000)
  from space 13824K, 0% used [0x000000075b680000,0x000000075b680000,0x000000075c400000)
  to   space 13824K, 0% used [0x000000075c500000,0x000000075c500000,0x000000075d280000)
 ParOldGen       total 231936K, used 15968K [0x0000000680000000, 0x000000068e280000, 0x0000000755580000)
  object space 231936K, 6% used [0x0000000680000000,0x0000000680f98000,0x000000068e280000)
 Metaspace       used 50461K, capacity 53868K, committed 54400K, reserved 1097728K
  class space    used 6292K, capacity 6955K, committed 7040K, reserved 1048576K
Event: 25109.531 GC heap after
Heap after GC invocations=37 (full 7):
 PSYoungGen      total 114688K, used 6452K [0x0000000755580000, 0x000000075d500000, 0x00000007c0000000)
  eden space 100864K, 0% used [0x0000000755580000,0x0000000755580000,0x000000075b800000)
  from space 13824K, 46% used [0x000000075c500000,0x000000075cb4d178,0x000000075d280000)
  to   space 13312K, 0% used [0x000000075b800000,0x000000075b800000,0x000000075c500000)
 ParOldGen       total 231936K, used 15976K [0x0000000680000000, 0x000000068e280000, 0x0000000755580000)
  object space 231936K, 6% used [0x0000000680000000,0x0000000680f9a000,0x000000068e280000)
 Metaspace       used 50461K, capacity 53868K, committed 54400K, reserved 1097728K
  class space    used 6292K, capacity 6955K, committed 7040K, reserved 1048576K
}
Event: 25147.024 GC heap before
{Heap before GC invocations=38 (full 7):
 PSYoungGen      total 114688K, used 55324K [0x0000000755580000, 0x000000075d500000, 0x00000007c0000000)
  eden space 100864K, 48% used [0x0000000755580000,0x000000075853a150,0x000000075b800000)
  from space 13824K, 46% used [0x000000075c500000,0x000000075cb4d178,0x000000075d280000)
  to   space 13312K, 0% used [0x000000075b800000,0x000000075b800000,0x000000075c500000)
 ParOldGen       total 231936K, used 15976K [0x0000000680000000, 0x000000068e280000, 0x0000000755580000)
  object space 231936K, 6% used [0x0000000680000000,0x0000000680f9a000,0x000000068e280000)
 Metaspace       used 50777K, capacity 54256K, committed 54784K, reserved 1097728K
  class space    used 6332K, capacity 6995K, committed 7168K, reserved 1048576K
Event: 25147.027 GC heap after
Heap after GC invocations=38 (full 7):
 PSYoungGen      total 114176K, used 3401K [0x0000000755580000, 0x000000075d500000, 0x00000007c0000000)
  eden space 100864K, 0% used [0x0000000755580000,0x0000000755580000,0x000000075b800000)
  from space 13312K, 25% used [0x000000075b800000,0x000000075bb52658,0x000000075c500000)
  to   space 13312K, 0% used [0x000000075c800000,0x000000075c800000,0x000000075d500000)
 ParOldGen       total 231936K, used 15984K [0x0000000680000000, 0x000000068e280000, 0x0000000755580000)
  object space 231936K, 6% used [0x0000000680000000,0x0000000680f9c000,0x000000068e280000)
 Metaspace       used 50777K, capacity 54256K, committed 54784K, reserved 1097728K
  class space    used 6332K, capacity 6995K, committed 7168K, reserved 1048576K
}
Event: 25147.027 GC heap before
{Heap before GC invocations=39 (full 8):
 PSYoungGen      total 114176K, used 3401K [0x0000000755580000, 0x000000075d500000, 0x00000007c0000000)
  eden space 100864K, 0% used [0x0000000755580000,0x0000000755580000,0x000000075b800000)
  from space 13312K, 25% used [0x000000075b800000,0x000000075bb52658,0x000000075c500000)
  to   space 13312K, 0% used [0x000000075c800000,0x000000075c800000,0x000000075d500000)
 ParOldGen       total 231936K, used 15984K [0x0000000680000000, 0x000000068e280000, 0x0000000755580000)
  object space 231936K, 6% used [0x0000000680000000,0x0000000680f9c000,0x000000068e280000)
 Metaspace       used 50777K, capacity 54256K, committed 54784K, reserved 1097728K
  class space    used 6332K, capacity 6995K, committed 7168K, reserved 1048576K
Event: 25147.124 GC heap after
Heap after GC invocations=39 (full 8):
 PSYoungGen      total 114176K, used 0K [0x0000000755580000, 0x000000075d500000, 0x00000007c0000000)
  eden space 100864K, 0% used [0x0000000755580000,0x0000000755580000,0x000000075b800000)
  from space 13312K, 0% used [0x000000075b800000,0x000000075b800000,0x000000075c500000)
  to   space 13312K, 0% used [0x000000075c800000,0x000000075c800000,0x000000075d500000)
 ParOldGen       total 231936K, used 17063K [0x0000000680000000, 0x000000068e280000, 0x0000000755580000)
  object space 231936K, 7% used [0x0000000680000000,0x00000006810a9fc8,0x000000068e280000)
 Metaspace       used 50759K, capacity 54228K, committed 54784K, reserved 1097728K
  class space    used 6330K, capacity 6989K, committed 7168K, reserved 1048576K
}
Event: 25147.766 GC heap before
{Heap before GC invocations=40 (full 8):
 PSYoungGen      total 114176K, used 100864K [0x0000000755580000, 0x000000075d500000, 0x00000007c0000000)
  eden space 100864K, 100% used [0x0000000755580000,0x000000075b800000,0x000000075b800000)
  from space 13312K, 0% used [0x000000075b800000,0x000000075b800000,0x000000075c500000)
  to   space 13312K, 0% used [0x000000075c800000,0x000000075c800000,0x000000075d500000)
 ParOldGen       total 231936K, used 17063K [0x0000000680000000, 0x000000068e280000, 0x0000000755580000)
  object space 231936K, 7% used [0x0000000680000000,0x00000006810a9fc8,0x000000068e280000)
 Metaspace       used 50966K, capacity 54532K, committed 55040K, reserved 1097728K
  class space    used 6357K, capacity 7049K, committed 7168K, reserved 1048576K
Event: 25147.771 GC heap after
Heap after GC invocations=40 (full 8):
 PSYoungGen      total 117760K, used 6638K [0x0000000755580000, 0x000000075d600000, 0x00000007c0000000)
  eden space 104448K, 0% used [0x0000000755580000,0x0000000755580000,0x000000075bb80000)
  from space 13312K, 49% used [0x000000075c800000,0x000000075ce7bbd0,0x000000075d500000)
  to   space 12800K, 0% used [0x000000075bb80000,0x000000075bb80000,0x000000075c800000)
 ParOldGen       total 231936K, used 17071K [0x0000000680000000, 0x000000068e280000, 0x0000000755580000)
  object space 231936K, 7% used [0x0000000680000000,0x00000006810abfc8,0x000000068e280000)
 Metaspace       used 50966K, capacity 54532K, committed 55040K, reserved 1097728K
  class space    used 6357K, capacity 7049K, committed 7168K, reserved 1048576K
}

