# JRE version: Java(TM) SE Runtime Environment (8.0_144-b01) (build 1.8.0_144-b01)
# Java VM: Java HotSpot(TM) 64-Bit Server VM (25.144-b01 mixed mode windows-amd64 compressed oops)
Heap:
 PSYoungGen      total 375808K, used 209290K [0x0000000755580000, 0x000000076dd80000, 0x00000007c0000000)
  eden space 354816K, 55% used [0x0000000755580000,0x000000076168ad38,0x000000076b000000)
  from space 20992K, 55% used [0x000000076c380000,0x000000076ced7b48,0x000000076d800000)
  to   space 19968K, 0% used [0x000000076b000000,0x000000076b000000,0x000000076c380000)
 ParOldGen       total 159232K, used 15441K [0x0000000680000000, 0x0000000689b80000, 0x0000000755580000)
  object space 159232K, 9% used [0x0000000680000000,0x0000000680f14790,0x0000000689b80000)
 Metaspace       used 47635K, capacity 50896K, committed 51200K, reserved 1093632K
  class space    used 5986K, capacity 6531K, committed 6656K, reserved 1048576K
GC Heap History (10 events):
Event: 2.657 GC heap before
{Heap before GC invocations=6 (full 1):
 PSYoungGen      total 141312K, used 17868K [0x0000000755580000, 0x000000075ed00000, 0x00000007c0000000)
  eden space 128000K, 3% used [0x0000000755580000,0x00000007559f3468,0x000000075d280000)
  from space 13312K, 99% used [0x000000075df80000,0x000000075ec7fbc8,0x000000075ec80000)
  to   space 13312K, 0% used [0x000000075d280000,0x000000075d280000,0x000000075df80000)
 ParOldGen       total 123392K, used 7530K [0x0000000680000000, 0x0000000687880000, 0x0000000755580000)
  object space 123392K, 6% used [0x0000000680000000,0x000000068075aa98,0x0000000687880000)
 Metaspace       used 33133K, capacity 35368K, committed 35456K, reserved 1079296K
  class space    used 4525K, capacity 4954K, committed 4992K, reserved 1048576K
Event: 2.666 GC heap after
Heap after GC invocations=6 (full 1):
 PSYoungGen      total 141312K, used 8996K [0x0000000755580000, 0x0000000765a80000, 0x00000007c0000000)
  eden space 128000K, 0% used [0x0000000755580000,0x0000000755580000,0x000000075d280000)
  from space 13312K, 67% used [0x000000075d280000,0x000000075db49310,0x000000075df80000)
  to   space 15872K, 0% used [0x0000000764b00000,0x0000000764b00000,0x0000000765a80000)
 ParOldGen       total 123392K, used 7538K [0x0000000680000000, 0x0000000687880000, 0x0000000755580000)
  object space 123392K, 6% used [0x0000000680000000,0x000000068075ca98,0x0000000687880000)
 Metaspace       used 33133K, capacity 35368K, committed 35456K, reserved 1079296K
  class space    used 4525K, capacity 4954K, committed 4992K, reserved 1048576K
}
Event: 2.666 GC heap before
{Heap before GC invocations=7 (full 2):
 PSYoungGen      total 141312K, used 8996K [0x0000000755580000, 0x0000000765a80000, 0x00000007c0000000)
  eden space 128000K, 0% used [0x0000000755580000,0x0000000755580000,0x000000075d280000)
  from space 13312K, 67% used [0x000000075d280000,0x000000075db49310,0x000000075df80000)
  to   space 15872K, 0% used [0x0000000764b00000,0x0000000764b00000,0x0000000765a80000)
 ParOldGen       total 123392K, used 7538K [0x0000000680000000, 0x0000000687880000, 0x0000000755580000)
  object space 123392K, 6% used [0x0000000680000000,0x000000068075ca98,0x0000000687880000)
 Metaspace       used 33133K, capacity 35368K, committed 35456K, reserved 1079296K
  class space    used 4525K, capacity 4954K, committed 4992K, reserved 1048576K
Event: 2.720 GC heap after
Heap after GC invocations=7 (full 2):
 PSYoungGen      total 141312K, used 0K [0x0000000755580000, 0x0000000765a80000, 0x00000007c0000000)
  eden space 128000K, 0% used [0x0000000755580000,0x0000000755580000,0x000000075d280000)
  from space 13312K, 0% used [0x000000075d280000,0x000000075d280000,0x000000075df80000)
  to   space 15872K, 0% used [0x0000000764b00000,0x0000000764b00000,0x0000000765a80000)
 ParOldGen       total 159232K, used 14076K [0x0000000680000000, 0x0000000689b80000, 0x0000000755580000)
  object space 159232K, 8% used [0x0000000680000000,0x0000000680dbf280,0x0000000689b80000)
 Metaspace       used 33133K, capacity 35368K, committed 35456K, reserved 1079296K
  class space    used 4525K, capacity 4954K, committed 4992K, reserved 1048576K
}
Event: 8.877 GC heap before
{Heap before GC invocations=8 (full 2):
 PSYoungGen      total 141312K, used 128000K [0x0000000755580000, 0x0000000765a80000, 0x00000007c0000000)
  eden space 128000K, 100% used [0x0000000755580000,0x000000075d280000,0x000000075d280000)
  from space 13312K, 0% used [0x000000075d280000,0x000000075d280000,0x000000075df80000)
  to   space 15872K, 0% used [0x0000000764b00000,0x0000000764b00000,0x0000000765a80000)
 ParOldGen       total 159232K, used 14076K [0x0000000680000000, 0x0000000689b80000, 0x0000000755580000)
  object space 159232K, 8% used [0x0000000680000000,0x0000000680dbf280,0x0000000689b80000)
 Metaspace       used 46794K, capacity 49688K, committed 49792K, reserved 1093632K
  class space    used 5912K, capacity 6458K, committed 6528K, reserved 1048576K
Event: 8.891 GC heap after
Heap after GC invocations=8 (full 2):
 PSYoungGen      total 232960K, used 15840K [0x0000000755580000, 0x0000000765a80000, 0x00000007c0000000)
  eden space 217088K, 0% used [0x0000000755580000,0x0000000755580000,0x0000000762980000)
  from space 15872K, 99% used [0x0000000764b00000,0x0000000765a78218,0x0000000765a80000)
  to   space 17920K, 0% used [0x0000000763780000,0x0000000763780000,0x0000000764900000)
 ParOldGen       total 159232K, used 14188K [0x0000000680000000, 0x0000000689b80000, 0x0000000755580000)
  object space 159232K, 8% used [0x0000000680000000,0x0000000680ddb2d8,0x0000000689b80000)
 Metaspace       used 46794K, capacity 49688K, committed 49792K, reserved 1093632K
  class space    used 5912K, capacity 6458K, committed 6528K, reserved 1048576K
}
Event: 93.512 GC heap before
{Heap before GC invocations=9 (full 2):
 PSYoungGen      total 232960K, used 232928K [0x0000000755580000, 0x0000000765a80000, 0x00000007c0000000)
  eden space 217088K, 100% used [0x0000000755580000,0x0000000762980000,0x0000000762980000)
  from space 15872K, 99% used [0x0000000764b00000,0x0000000765a78218,0x0000000765a80000)
  to   space 17920K, 0% used [0x0000000763780000,0x0000000763780000,0x0000000764900000)
 ParOldGen       total 159232K, used 14188K [0x0000000680000000, 0x0000000689b80000, 0x0000000755580000)
  object space 159232K, 8% used [0x0000000680000000,0x0000000680ddb2d8,0x0000000689b80000)
 Metaspace       used 47266K, capacity 50284K, committed 50560K, reserved 1093632K
  class space    used 5943K, capacity 6473K, committed 6528K, reserved 1048576K
Event: 93.527 GC heap after
Heap after GC invocations=9 (full 2):
 PSYoungGen      total 249344K, used 17893K [0x0000000755580000, 0x000000076d800000, 0x00000007c0000000)
  eden space 231424K, 0% used [0x0000000755580000,0x0000000755580000,0x0000000763780000)
  from space 17920K, 99% used [0x0000000763780000,0x00000007648f9480,0x0000000764900000)
  to   space 20992K, 0% used [0x000000076c380000,0x000000076c380000,0x000000076d800000)
 ParOldGen       total 159232K, used 15433K [0x0000000680000000, 0x0000000689b80000, 0x0000000755580000)
  object space 159232K, 9% used [0x0000000680000000,0x0000000680f12790,0x0000000689b80000)
 Metaspace       used 47266K, capacity 50284K, committed 50560K, reserved 1093632K
  class space    used 5943K, capacity 6473K, committed 6528K, reserved 1048576K
}
Event: 2609.201 GC heap before
{Heap before GC invocations=10 (full 2):
 PSYoungGen      total 249344K, used 249317K [0x0000000755580000, 0x000000076d800000, 0x00000007c0000000)
  eden space 231424K, 100% used [0x0000000755580000,0x0000000763780000,0x0000000763780000)
  from space 17920K, 99% used [0x0000000763780000,0x00000007648f9480,0x0000000764900000)
  to   space 20992K, 0% used [0x000000076c380000,0x000000076c380000,0x000000076d800000)
 ParOldGen       total 159232K, used 15433K [0x0000000680000000, 0x0000000689b80000, 0x0000000755580000)
  object space 159232K, 9% used [0x0000000680000000,0x0000000680f12790,0x0000000689b80000)
 Metaspace       used 47524K, capacity 50788K, committed 51072K, reserved 1093632K
  class space    used 5963K, capacity 6497K, committed 6528K, reserved 1048576K
Event: 2609.212 GC heap after
Heap after GC invocations=10 (full 2):
 PSYoungGen      total 375808K, used 11614K [0x0000000755580000, 0x000000076dd80000, 0x00000007c0000000)
  eden space 354816K, 0% used [0x0000000755580000,0x0000000755580000,0x000000076b000000)
  from space 20992K, 55% used [0x000000076c380000,0x000000076ced7b48,0x000000076d800000)
  to   space 19968K, 0% used [0x000000076b000000,0x000000076b000000,0x000000076c380000)
 ParOldGen       total 159232K, used 15441K [0x0000000680000000, 0x0000000689b80000, 0x0000000755580000)
  object space 159232K, 9% used [0x0000000680000000,0x0000000680f14790,0x0000000689b80000)
 Metaspace       used 47524K, capacity 50788K, committed 51072K, reserved 1093632K
  class space    used 5963K, capacity 6497K, committed 6528K, reserved 1048576K
}

