# JRE version: Java(TM) SE Runtime Environment (8.0_144-b01) (build 1.8.0_144-b01)
# Java VM: Java HotSpot(TM) 64-Bit Server VM (25.144-b01 mixed mode windows-amd64 compressed oops)
Heap:
 PSYoungGen      total 218112K, used 125209K [0x0000000755580000, 0x0000000763d00000, 0x00000007c0000000)
  eden space 202240K, 54% used [0x0000000755580000,0x000000075c1cee58,0x0000000761b00000)
  from space 15872K, 90% used [0x0000000762d80000,0x0000000763b77890,0x0000000763d00000)
  to   space 17408K, 0% used [0x0000000761b00000,0x0000000761b00000,0x0000000762c00000)
 ParOldGen       total 169472K, used 18288K [0x0000000680000000, 0x000000068a580000, 0x0000000755580000)
  object space 169472K, 10% used [0x0000000680000000,0x00000006811dc1c8,0x000000068a580000)
 Metaspace       used 46730K, capacity 49812K, committed 50048K, reserved 1093632K
  class space    used 5895K, capacity 6450K, committed 6528K, reserved 1048576K
GC Heap History (10 events):
Event: 1.981 GC heap before
{Heap before GC invocations=4 (full 1):
 PSYoungGen      total 95744K, used 82432K [0x0000000755580000, 0x0000000761080000, 0x00000007c0000000)
  eden space 82432K, 100% used [0x0000000755580000,0x000000075a600000,0x000000075a600000)
  from space 13312K, 0% used [0x000000075b300000,0x000000075b300000,0x000000075c000000)
  to   space 13312K, 0% used [0x000000075a600000,0x000000075a600000,0x000000075b300000)
 ParOldGen       total 141824K, used 7099K [0x0000000680000000, 0x0000000688a80000, 0x0000000755580000)
  object space 141824K, 5% used [0x0000000680000000,0x00000006806eeca8,0x0000000688a80000)
 Metaspace       used 26036K, capacity 27948K, committed 28032K, reserved 1073152K
  class space    used 3576K, capacity 3948K, committed 3968K, reserved 1048576K
Event: 1.986 GC heap after
Heap after GC invocations=4 (full 1):
 PSYoungGen      total 95744K, used 10404K [0x0000000755580000, 0x000000075da80000, 0x00000007c0000000)
  eden space 82432K, 0% used [0x0000000755580000,0x0000000755580000,0x000000075a600000)
  from space 13312K, 78% used [0x000000075a600000,0x000000075b029368,0x000000075b300000)
  to   space 13312K, 0% used [0x000000075cd80000,0x000000075cd80000,0x000000075da80000)
 ParOldGen       total 141824K, used 7107K [0x0000000680000000, 0x0000000688a80000, 0x0000000755580000)
  object space 141824K, 5% used [0x0000000680000000,0x00000006806f0ca8,0x0000000688a80000)
 Metaspace       used 26036K, capacity 27948K, committed 28032K, reserved 1073152K
  class space    used 3576K, capacity 3948K, committed 3968K, reserved 1048576K
}
Event: 2.554 GC heap before
{Heap before GC invocations=5 (full 1):
 PSYoungGen      total 95744K, used 92836K [0x0000000755580000, 0x000000075da80000, 0x00000007c0000000)
  eden space 82432K, 100% used [0x0000000755580000,0x000000075a600000,0x000000075a600000)
  from space 13312K, 78% used [0x000000075a600000,0x000000075b029368,0x000000075b300000)
  to   space 13312K, 0% used [0x000000075cd80000,0x000000075cd80000,0x000000075da80000)
 ParOldGen       total 141824K, used 7107K [0x0000000680000000, 0x0000000688a80000, 0x0000000755580000)
  object space 141824K, 5% used [0x0000000680000000,0x00000006806f0ca8,0x0000000688a80000)
 Metaspace       used 33147K, capacity 35404K, committed 35496K, reserved 1079296K
  class space    used 4523K, capacity 4922K, committed 4992K, reserved 1048576K
Event: 2.563 GC heap after
Heap after GC invocations=5 (full 1):
 PSYoungGen      total 122368K, used 13289K [0x0000000755580000, 0x000000075da80000, 0x00000007c0000000)
  eden space 109056K, 0% used [0x0000000755580000,0x0000000755580000,0x000000075c000000)
  from space 13312K, 99% used [0x000000075cd80000,0x000000075da7a5f8,0x000000075da80000)
  to   space 13312K, 0% used [0x000000075c080000,0x000000075c080000,0x000000075cd80000)
 ParOldGen       total 141824K, used 7972K [0x0000000680000000, 0x0000000688a80000, 0x0000000755580000)
  object space 141824K, 5% used [0x0000000680000000,0x00000006807c9260,0x0000000688a80000)
 Metaspace       used 33147K, capacity 35404K, committed 35496K, reserved 1079296K
  class space    used 4523K, capacity 4922K, committed 4992K, reserved 1048576K
}
Event: 2.563 GC heap before
{Heap before GC invocations=6 (full 1):
 PSYoungGen      total 122368K, used 15234K [0x0000000755580000, 0x000000075da80000, 0x00000007c0000000)
  eden space 109056K, 1% used [0x0000000755580000,0x0000000755766550,0x000000075c000000)
  from space 13312K, 99% used [0x000000075cd80000,0x000000075da7a5f8,0x000000075da80000)
  to   space 13312K, 0% used [0x000000075c080000,0x000000075c080000,0x000000075cd80000)
 ParOldGen       total 141824K, used 7972K [0x0000000680000000, 0x0000000688a80000, 0x0000000755580000)
  object space 141824K, 5% used [0x0000000680000000,0x00000006807c9260,0x0000000688a80000)
 Metaspace       used 33153K, capacity 35404K, committed 35496K, reserved 1079296K
  class space    used 4523K, capacity 4922K, committed 4992K, reserved 1048576K
Event: 2.570 GC heap after
Heap after GC invocations=6 (full 1):
 PSYoungGen      total 122880K, used 13248K [0x0000000755580000, 0x0000000763d80000, 0x00000007c0000000)
  eden space 109568K, 0% used [0x0000000755580000,0x0000000755580000,0x000000075c080000)
  from space 13312K, 99% used [0x000000075c080000,0x000000075cd702c8,0x000000075cd80000)
  to   space 16384K, 0% used [0x0000000762d80000,0x0000000762d80000,0x0000000763d80000)
 ParOldGen       total 141824K, used 7980K [0x0000000680000000, 0x0000000688a80000, 0x0000000755580000)
  object space 141824K, 5% used [0x0000000680000000,0x00000006807cb260,0x0000000688a80000)
 Metaspace       used 33153K, capacity 35404K, committed 35496K, reserved 1079296K
  class space    used 4523K, capacity 4922K, committed 4992K, reserved 1048576K
}
Event: 2.570 GC heap before
{Heap before GC invocations=7 (full 2):
 PSYoungGen      total 122880K, used 13248K [0x0000000755580000, 0x0000000763d80000, 0x00000007c0000000)
  eden space 109568K, 0% used [0x0000000755580000,0x0000000755580000,0x000000075c080000)
  from space 13312K, 99% used [0x000000075c080000,0x000000075cd702c8,0x000000075cd80000)
  to   space 16384K, 0% used [0x0000000762d80000,0x0000000762d80000,0x0000000763d80000)
 ParOldGen       total 141824K, used 7980K [0x0000000680000000, 0x0000000688a80000, 0x0000000755580000)
  object space 141824K, 5% used [0x0000000680000000,0x00000006807cb260,0x0000000688a80000)
 Metaspace       used 33153K, capacity 35404K, committed 35496K, reserved 1079296K
  class space    used 4523K, capacity 4922K, committed 4992K, reserved 1048576K
Event: 2.610 GC heap after
Heap after GC invocations=7 (full 2):
 PSYoungGen      total 122880K, used 0K [0x0000000755580000, 0x0000000763d80000, 0x00000007c0000000)
  eden space 109568K, 0% used [0x0000000755580000,0x0000000755580000,0x000000075c080000)
  from space 13312K, 0% used [0x000000075c080000,0x000000075c080000,0x000000075cd80000)
  to   space 16384K, 0% used [0x0000000762d80000,0x0000000762d80000,0x0000000763d80000)
 ParOldGen       total 169472K, used 18280K [0x0000000680000000, 0x000000068a580000, 0x0000000755580000)
  object space 169472K, 10% used [0x0000000680000000,0x00000006811da1c8,0x000000068a580000)
 Metaspace       used 33153K, capacity 35404K, committed 35496K, reserved 1079296K
  class space    used 4523K, capacity 4922K, committed 4992K, reserved 1048576K
}
Event: 11.022 GC heap before
{Heap before GC invocations=8 (full 2):
 PSYoungGen      total 122880K, used 109568K [0x0000000755580000, 0x0000000763d80000, 0x00000007c0000000)
  eden space 109568K, 100% used [0x0000000755580000,0x000000075c080000,0x000000075c080000)
  from space 13312K, 0% used [0x000000075c080000,0x000000075c080000,0x000000075cd80000)
  to   space 16384K, 0% used [0x0000000762d80000,0x0000000762d80000,0x0000000763d80000)
 ParOldGen       total 169472K, used 18280K [0x0000000680000000, 0x000000068a580000, 0x0000000755580000)
  object space 169472K, 10% used [0x0000000680000000,0x00000006811da1c8,0x000000068a580000)
 Metaspace       used 45688K, capacity 48598K, committed 48896K, reserved 1091584K
  class space    used 5780K, capacity 6317K, committed 6400K, reserved 1048576K
Event: 11.035 GC heap after
Heap after GC invocations=8 (full 2):
 PSYoungGen      total 218112K, used 14302K [0x0000000755580000, 0x0000000763d00000, 0x00000007c0000000)
  eden space 202240K, 0% used [0x0000000755580000,0x0000000755580000,0x0000000761b00000)
  from space 15872K, 90% used [0x0000000762d80000,0x0000000763b77890,0x0000000763d00000)
  to   space 17408K, 0% used [0x0000000761b00000,0x0000000761b00000,0x0000000762c00000)
 ParOldGen       total 169472K, used 18288K [0x0000000680000000, 0x000000068a580000, 0x0000000755580000)
  object space 169472K, 10% used [0x0000000680000000,0x00000006811dc1c8,0x000000068a580000)
 Metaspace       used 45688K, capacity 48598K, committed 48896K, reserved 1091584K
  class space    used 5780K, capacity 6317K, committed 6400K, reserved 1048576K
}

